生成启动时间为 2017/10/12 21:02:57。
     1>项目“E:\mOpenGL\GLSL\14_SkyBox\02_SkyBox\MultiTexture\MultiTexture.vcxproj”在节点 2 上(Build 个目标)。
     1>ClCompile:
         D:\SofeWare\VisualStudio2015\VC\bin\CL.exe /c /ZI /nologo /W3 /WX- /sdl /Od /Oy- /D WIN32 /D _DEBUG /D _WINDOWS /D _MBCS /Gm /EHsc /RTC1 /MDd /GS /fp:precise /Zc:wchar_t /Zc:forScope /Zc:inline /Fo"Debug\\" /Fd"Debug\vc140.pdb" /Gd /TP /analyze- /errorReport:prompt MultiTexture.cpp
         MultiTexture.cpp
       Link:
         D:\SofeWare\VisualStudio2015\VC\bin\link.exe /ERRORREPORT:PROMPT /OUT:"E:\mOpenGL\GLSL\14_SkyBox\02_SkyBox\Debug\MultiTexture.exe" /INCREMENTAL /NOLOGO /LIBPATH:../MultiTexture/SOIL kernel32.lib user32.lib gdi32.lib winspool.lib comdlg32.lib advapi32.lib shell32.lib ole32.lib oleaut32.lib uuid.lib odbc32.lib odbccp32.lib /MANIFEST /MANIFESTUAC:"level='asInvoker' uiAccess='false'" /manifest:embed /Debug /PDB:"E:\mOpenGL\GLSL\14_SkyBox\02_SkyBox\Debug\MultiTexture.pdb" /SUBSYSTEM:WINDOWS /TLBID:1 /DYNAMICBASE /NXCOMPAT /IMPLIB:"E:\mOpenGL\GLSL\14_SkyBox\02_SkyBox\Debug\MultiTexture.lib" /MACHINE:X86 Debug\CBMPLoader.obj
         Debug\DDSFile.obj
         Debug\GLFrame.obj
         Debug\MultiTexture.obj
         Debug\GLUtil.obj
         Debug\GLWindos.obj
         Debug\stdafx.obj
         SOIL.lib(SOIL.obj) : 找到 MSIL .netmodule 或使用 /GL 编译的模块；正在使用 /LTCG 重新启动链接；将 /LTCG 添加到链接命令行以改进链接器性能
     1>LINK : warning LNK4075: 忽略“/INCREMENTAL”(由于“/LTCG”规范)
     1>CBMPLoader.obj : warning LNK4075: 忽略“/EDITANDCONTINUE”(由于“/OPT:LBR”规范)
     1>MSVCRTD.lib(initializers.obj) : warning LNK4098: 默认库“msvcrt.lib”与其他库的使用冲突；请使用 /NODEFAULTLIB:library
         正在生成代码
         已完成代码的生成
     1>SOIL.lib(SOIL.obj) : warning LNK4099: 未找到 PDB“vc110.pdb”(使用“SOIL.lib(SOIL.obj)”或在“E:\mOpenGL\GLSL\14_SkyBox\02_SkyBox\Debug\vc110.pdb”中寻找)；正在链接对象，如同没有调试信息一样
     1>SOIL.lib(stb_image_aug.obj) : warning LNK4099: 未找到 PDB“vc110.pdb”(使用“SOIL.lib(stb_image_aug.obj)”或在“E:\mOpenGL\GLSL\14_SkyBox\02_SkyBox\Debug\vc110.pdb”中寻找)；正在链接对象，如同没有调试信息一样
     1>SOIL.lib(image_helper.obj) : warning LNK4099: 未找到 PDB“vc110.pdb”(使用“SOIL.lib(image_helper.obj)”或在“E:\mOpenGL\GLSL\14_SkyBox\02_SkyBox\Debug\vc110.pdb”中寻找)；正在链接对象，如同没有调试信息一样
     1>SOIL.lib(image_DXT.obj) : warning LNK4099: 未找到 PDB“vc110.pdb”(使用“SOIL.lib(image_DXT.obj)”或在“E:\mOpenGL\GLSL\14_SkyBox\02_SkyBox\Debug\vc110.pdb”中寻找)；正在链接对象，如同没有调试信息一样
         MultiTexture.vcxproj -> E:\mOpenGL\GLSL\14_SkyBox\02_SkyBox\Debug\MultiTexture.exe
     1>已完成生成项目“E:\mOpenGL\GLSL\14_SkyBox\02_SkyBox\MultiTexture\MultiTexture.vcxproj”(Build 个目标)的操作。

已成功生成。

已用时间 00:00:03.55
