生成启动时间为 2017/9/28 21:42:06。
     1>项目“E:\mOpenGL\GLSL\02_IndexedDrawing\Triangle\MultiTexture\MultiTexture.vcxproj”在节点 2 上(Build 个目标)。
     1>ClCompile:
         D:\SofeWare\VisualStudio2015\VC\bin\x86_amd64\CL.exe /c /ZI /nologo /W3 /WX- /sdl /Od /D _DEBUG /D _WINDOWS /D _MBCS /Gm /EHsc /RTC1 /MDd /GS /fp:precise /Zc:wchar_t /Zc:forScope /Zc:inline /Fo"x64\Debug\\" /Fd"x64\Debug\vc140.pdb" /Gd /TP /errorReport:prompt GLFrame.cpp MultiTexture.cpp GLUtil.cpp GLWindos.cpp stdafx.cpp
         stdafx.cpp
         GLWindos.cpp
     1>e:\mopengl\glsl\02_indexeddrawing\triangle\multitexture\glwindos.cpp(58): warning C4838: 从“int”转换到“BYTE”需要收缩转换
         GLUtil.cpp
         MultiTexture.cpp
         GLFrame.cpp
         正在生成代码...
       Link:
         D:\SofeWare\VisualStudio2015\VC\bin\x86_amd64\link.exe /ERRORREPORT:PROMPT /OUT:"E:\mOpenGL\GLSL\02_IndexedDrawing\Triangle\x64\Debug\MultiTexture.exe" /INCREMENTAL /NOLOGO kernel32.lib user32.lib gdi32.lib winspool.lib comdlg32.lib advapi32.lib shell32.lib ole32.lib oleaut32.lib uuid.lib odbc32.lib odbccp32.lib /MANIFEST /MANIFESTUAC:"level='asInvoker' uiAccess='false'" /manifest:embed /Debug /PDB:"E:\mOpenGL\GLSL\02_IndexedDrawing\Triangle\x64\Debug\MultiTexture.pdb" /SUBSYSTEM:WINDOWS /TLBID:1 /DYNAMICBASE /NXCOMPAT /IMPLIB:"E:\mOpenGL\GLSL\02_IndexedDrawing\Triangle\x64\Debug\MultiTexture.lib" /MACHINE:X64 x64\Debug\GLFrame.obj
         x64\Debug\MultiTexture.obj
         x64\Debug\GLUtil.obj
         x64\Debug\GLWindos.obj
         x64\Debug\stdafx.obj
     1>LINK : fatal error LNK1104: 无法打开文件“glut32.lib”
     1>已完成生成项目“E:\mOpenGL\GLSL\02_IndexedDrawing\Triangle\MultiTexture\MultiTexture.vcxproj”(Build 个目标)的操作 - 失败。

生成失败。

已用时间 00:00:05.05
