e:\mopengl\glsl\03_multitexture\multitexture\multitexture\debug\vc140.pdb
e:\mopengl\glsl\03_multitexture\multitexture\multitexture\debug\vc140.idb
e:\mopengl\glsl\03_multitexture\multitexture\multitexture\debug\cbmploader.obj
e:\mopengl\glsl\03_multitexture\multitexture\multitexture\debug\glframe.obj
e:\mopengl\glsl\03_multitexture\multitexture\multitexture\debug\multitexture.obj
e:\mopengl\glsl\03_multitexture\multitexture\multitexture\debug\glutil.obj
e:\mopengl\glsl\03_multitexture\multitexture\multitexture\debug\glwindos.obj
e:\mopengl\glsl\03_multitexture\multitexture\multitexture\debug\stdafx.obj
e:\mopengl\glsl\04_modeltransformation\translation\multitexture\debug\vc140.pdb
e:\mopengl\glsl\04_modeltransformation\translation\multitexture\debug\vc140.idb
e:\mopengl\glsl\04_modeltransformation\translation\multitexture\debug\cbmploader.obj
e:\mopengl\glsl\04_modeltransformation\translation\multitexture\debug\glframe.obj
e:\mopengl\glsl\04_modeltransformation\translation\multitexture\debug\multitexture.obj
e:\mopengl\glsl\04_modeltransformation\translation\multitexture\debug\glutil.obj
e:\mopengl\glsl\04_modeltransformation\translation\multitexture\debug\glwindos.obj
e:\mopengl\glsl\04_modeltransformation\translation\multitexture\debug\stdafx.obj
e:\mopengl\glsl\03_multitexture\multitexture\debug\multitexture.ilk
e:\mopengl\glsl\03_multitexture\multitexture\debug\multitexture.exe
e:\mopengl\glsl\03_multitexture\multitexture\debug\multitexture.pdb
e:\mopengl\glsl\04_modeltransformation\translation\debug\multitexture.ilk
e:\mopengl\glsl\04_modeltransformation\translation\debug\multitexture.exe
e:\mopengl\glsl\04_modeltransformation\translation\debug\multitexture.pdb
e:\mopengl\glsl\04_modeltransformation\translation\multitexture\debug\glpano360.obj
e:\mopengl\glsl\04_modeltransformation\translation\multitexture\debug\multitexture.tlog\cl.command.1.tlog
e:\mopengl\glsl\04_modeltransformation\translation\multitexture\debug\multitexture.tlog\cl.read.1.tlog
e:\mopengl\glsl\04_modeltransformation\translation\multitexture\debug\multitexture.tlog\cl.write.1.tlog
e:\mopengl\glsl\04_modeltransformation\translation\multitexture\debug\multitexture.tlog\link.command.1.tlog
e:\mopengl\glsl\04_modeltransformation\translation\multitexture\debug\multitexture.tlog\link.read.1.tlog
e:\mopengl\glsl\04_modeltransformation\translation\multitexture\debug\multitexture.tlog\link.write.1.tlog
